1750062821477:help
1750080602261:agent
1750080602262:chat
1750080602262:exit
1750080694145:agent-status
1750080694175:agent-start
1750080694191:agent-status
1750080694194:agent-task create a simple hello world Python script
1750080694199:agent-tasks
1750080694204:exit
1750080797108:agent-status
1750080797142:agent-task CODE_GENERATION "Create a simple hello world Python script"
1750080797146:agent-tasks
1750080797150:exit
1750080884097:agent-start
1750080884140:agent-status
1750080884145:agent-task CODE_GENERATION "Create a simple hello world Python script"
1750080884149:agent-tasks
1750080884153:agent-task FILE_WRITE "Write a test file called test.txt with content 'Hello Agent'"
1750080884156:agent-tasks
1750080884158:agent-stop
1750080889178:exit
1750080983255:agent-start
1750080983298:agent-task --type CODE_GENERATION --description "Create a simple hello world Python script" --priority MEDIUM
1750080983305:agent-tasks
1750080983313:agent-task --type FILE_WRITE --description "Create a test file" --command "echo 'Hello Agent' > test.txt" --priority HIGH
1750080983316:agent-tasks --limit 5
1750080983317:exit
1750081100927:agent-start
1750081100976:agent-task --type CODE_GENERATION --description "Create a simple hello world Python script" --priority MEDIUM
1750081100980:agent-tasks
1750081101021:agent-task --type FILE_WRITE --description "Create a test file" --command "echo 'Hello Agent' > test.txt" --priority HIGH
1750081101032:agent-tasks --limit 5
1750081101036:exit
1750081846537:/agent status
1750081846541:/agent submit task Create a simple Python hello world script
1750081846542:/agent queue
1750081846544:/agent submit task file_write:hello_validation_test.txt:Hello from parameter validation test!
1750081846545:/agent queue
1750081846546:exit
1750081954564:agent-status
1750081954595:agent-task --type FILE_WRITE --description "Test file write with validation" --command "file_path:test-validation.txt,content:Hello from enhanced parameter validation!"
1750081954599:agent-tasks
1750081954603:agent-task --type SHELL_COMMAND --description "Test shell command with validation" --command "command:echo 'Enhanced validation working!'"
1750081954605:agent-tasks --limit 5
1750081954606:agent-clear
1750081954607:exit
1750082042114:agent-status
1750082042143:agent-start
1750082042160:agent-status
1750082042170:agent-task --type FILE_WRITE --description "Test parameter validation for file operations" --command "file_path:test-param-validation.txt,content:Parameter validation enhanced successfully!"
1750082042177:agent-task --type SHELL_COMMAND --description "Test shell command parameter validation" --command "command:ls -la | head -5"
1750082042180:agent-tasks --limit 10
1750082042182:sleep 5
1750082042184:agent-tasks --limit 10
1750082042186:agent-stop
1750082047199:exit
1750082189491:agent-status
1750082189519:agent-start
1750082189546:agent-task --type FILE_WRITE --description "Test parameter validation for file write" --command "file_path:test-validation-final.txt,content:Enhanced parameter validation is working perfectly!"
1750082189556:agent-task --type SHELL_COMMAND --description "Test shell command validation" --command "command:echo 'Parameter validation successful!'"
1750082189560:agent-task --type FILE_READ --description "Test file read validation" --command "file_path:test-validation-final.txt"
1750082189564:agent-tasks --limit 10
1750082189566:agent-help
1750082189568:agent-stop
1750082194585:exit
